<?xml version="1.0" encoding="UTF-8"?>
<!-- Generated by org.testng.reporters.JUnitXMLReporter -->
<testsuite ignored="0" hostname="Julianda" failures="1" tests="1" name="Test" time="19.741" errors="0" timestamp="13 Nov 2023 02:35:49 GMT">
  <testcase classname="Tests.AccessDCM" name="AccessEmandate" time="6.003">
    <failure type="java.lang.NullPointerException" message="Cannot invoke &amp;quot;com.aventstack.extentreports.ExtentTest.log(com.aventstack.extentreports.Status, String)&amp;quot; because the return value of &amp;quot;testBase.ExtentFactory.getExtent()&amp;quot; is null">
      <![CDATA[java.lang.NullPointerException: Cannot invoke "com.aventstack.extentreports.ExtentTest.log(com.aventstack.extentreports.Status, String)" because the return value of "testBase.ExtentFactory.getExtent()" is null
	at reusableComponents.ActionEngine.sendKeys_custom(ActionEngine.java:29)
	at pageObjects.LoginPageObjects.login(LoginPageObjects.java:20)
	at Tests.AccessDCM.AccessEmandate(AccessDCM.java:18)
... Removed 25 stack frames]]>
    </failure>
  </testcase> <!-- AccessEmandate -->
</testsuite> <!-- Test -->
